#
# There is insufficient memory for the Java Runtime Environment to continue.
# Native memory allocation (malloc) failed to allocate 1048576 bytes for AllocateHeap
# Possible reasons:
#   The system is out of physical RAM or swap space
#   The process is running with CompressedOops enabled, and the Java Heap may be blocking the growth of the native heap
# Possible solutions:
#   Reduce memory load on the system
#   Increase physical memory or swap space
#   Check if swap backing store is full
#   Decrease Java heap size (-Xmx/-Xms)
#   Decrease number of Java threads
#   Decrease Java thread stack sizes (-Xss)
#   Set larger code cache with -XX:ReservedCodeCacheSize=
#   JVM is running with Unscaled Compressed Oops mode in which the Java heap is
#     placed in the first 4GB address space. The Java Heap base address is the
#     maximum limit for the native heap growth. Please use -XX:HeapBaseMinAddress
#     to set the Java Heap base and to place the Java Heap above 4GB virtual address.
# This output file may be truncated or incomplete.
#
#  Out of Memory Error (memory/allocation.inline.hpp:61), pid=9404, tid=0x00000000000033dc
#
# JRE version:  (8.0_202-b39) (build )
# Java VM: OpenJDK 64-Bit Server VM (25.202-b39 mixed mode windows-amd64 compressed oops)
# Failed to write core dump. Minidumps are not enabled by default on client versions of Windows
#

---------------  T H R E A D  ---------------

Current thread (0x0000000002a4d800):  JavaThread "Unknown thread" [_thread_in_vm, id=13276, stack(0x0000000002850000,0x0000000002950000)]

Stack: [0x0000000002850000,0x0000000002950000]
[error occurred during error reporting (printing stack bounds), id 0xc0000005]

Native frames: (J=compiled Java code, j=interpreted, Vv=VM code, C=native code)


---------------  P R O C E S S  ---------------

Java Threads: ( => current thread )

Other Threads:

=>0x0000000002a4d800 (exited) JavaThread "Unknown thread" [_thread_in_vm, id=13276, stack(0x0000000002850000,0x0000000002950000)]

VM state:not at safepoint (normal execution)

VM Mutex/Monitor currently owned by a thread: None

heap address: 0x0000000082000000, size: 2016 MB, Compressed Oops mode: 32-bit
Narrow klass base: 0x0000000000000000, Narrow klass shift: 3
Compressed class space size: 1073741824 Address: 0x0000000100000000

Heap:
 PSYoungGen      total 37888K, used 655K [0x00000000d6000000, 0x00000000d8a00000, 0x0000000100000000)
  eden space 32768K, 2% used [0x00000000d6000000,0x00000000d60a3d80,0x00000000d8000000)
  from space 5120K, 0% used [0x00000000d8500000,0x00000000d8500000,0x00000000d8a00000)
  to   space 5120K, 0% used [0x00000000d8000000,0x00000000d8000000,0x00000000d8500000)
 ParOldGen       total 86016K, used 0K [0x0000000082000000, 0x0000000087400000, 0x00000000d6000000)
  object space 86016K, 0% used [0x0000000082000000,0x0000000082000000,0x0000000087400000)
 Metaspace       used 777K, capacity 4480K, committed 4480K, reserved 1056768K
  class space    used 74K, capacity 384K, committed 384K, reserved 1048576K

Card table byte_map: [0x0000000011f10000,0x0000000012310000] byte_map_base: 0x0000000011b00000

Marking Bits: (ParMarkBitMap*) 0x0000000054e29f30
 Begin Bits: [0x00000000129b0000, 0x0000000014930000)
 End Bits:   [0x0000000014930000, 0x00000000168b0000)

Polling page: 0x0000000000c70000

CodeCache: size=245760Kb used=328Kb max_used=328Kb free=245431Kb
 bounds [0x0000000002b50000, 0x0000000002dc0000, 0x0000000011b50000]
 total_blobs=57 nmethods=0 adapters=38
 compilation: enabled

Compilation events (0 events):
No events

GC Heap History (0 events):
No events

Deoptimization events (0 events):
No events

Classes redefined (0 events):
No events

Internal exceptions (0 events):
No events

Events (10 events):
Event: 0.036 loading class java/lang/Short
Event: 0.036 loading class java/lang/Short done
Event: 0.036 loading class java/lang/Integer
Event: 0.036 loading class java/lang/Integer done
Event: 0.036 loading class java/lang/Long
Event: 0.036 loading class java/lang/Long done
Event: 0.037 loading class java/lang/NullPointerException
Event: 0.038 loading class java/lang/NullPointerException done
Event: 0.038 loading class java/lang/ArithmeticException
Event: 0.038 loading class java/lang/ArithmeticException done


Dynamic libraries:
0x00007ff6225c0000 - 0x00007ff6225f1000 	D:\IntelliIDEA2019.1\jre64\bin\java.exe
0x00007ffa8c2e0000 - 0x00007ffa8c4d0000 	C:\WINDOWS\SYSTEM32\ntdll.dll
0x00007ffa8ae60000 - 0x00007ffa8af12000 	C:\WINDOWS\System32\KERNEL32.DLL
0x00007ffa89270000 - 0x00007ffa89513000 	C:\WINDOWS\System32\KERNELBASE.dll
0x00007ffa8b7c0000 - 0x00007ffa8b863000 	C:\WINDOWS\System32\ADVAPI32.dll
0x00007ffa8bf60000 - 0x00007ffa8bffe000 	C:\WINDOWS\System32\msvcrt.dll
0x00007ffa8c200000 - 0x00007ffa8c297000 	C:\WINDOWS\System32\sechost.dll
0x00007ffa8a530000 - 0x00007ffa8a650000 	C:\WINDOWS\System32\RPCRT4.dll
0x00007ffa8c000000 - 0x00007ffa8c194000 	C:\WINDOWS\System32\USER32.dll
0x00007ffa8a280000 - 0x00007ffa8a2a1000 	C:\WINDOWS\System32\win32u.dll
0x00007ffa8adc0000 - 0x00007ffa8ade6000 	C:\WINDOWS\System32\GDI32.dll
0x00007ffa89710000 - 0x00007ffa898a4000 	C:\WINDOWS\System32\gdi32full.dll
0x00007ffa89590000 - 0x00007ffa8962e000 	C:\WINDOWS\System32\msvcp_win.dll
0x00007ffa898b0000 - 0x00007ffa899aa000 	C:\WINDOWS\System32\ucrtbase.dll
0x00007ffa791a0000 - 0x00007ffa79425000 	C:\WINDOWS\WinSxS\amd64_microsoft.windows.common-controls_6595b64144ccf1df_6.0.18362.657_none_e6c5b579130e3898\COMCTL32.dll
0x00007ffa8af20000 - 0x00007ffa8b256000 	C:\WINDOWS\System32\combase.dll
0x00007ffa89690000 - 0x00007ffa89710000 	C:\WINDOWS\System32\bcryptPrimitives.dll
0x00007ffa8b780000 - 0x00007ffa8b7ae000 	C:\WINDOWS\System32\IMM32.DLL
0x0000000054580000 - 0x0000000054652000 	D:\IntelliIDEA2019.1\jre64\bin\msvcr100.dll
0x0000000054660000 - 0x0000000054ea6000 	D:\IntelliIDEA2019.1\jre64\bin\server\jvm.dll
0x00007ffa8b7b0000 - 0x00007ffa8b7b8000 	C:\WINDOWS\System32\PSAPI.DLL
0x00007ffa83be0000 - 0x00007ffa83be9000 	C:\WINDOWS\SYSTEM32\WSOCK32.dll
0x00007ffa8adf0000 - 0x00007ffa8ae5f000 	C:\WINDOWS\System32\WS2_32.dll
0x00007ffa85e30000 - 0x00007ffa85e54000 	C:\WINDOWS\SYSTEM32\WINMM.dll
0x00007ffa7d530000 - 0x00007ffa7d53a000 	C:\WINDOWS\SYSTEM32\VERSION.dll
0x00007ffa85e00000 - 0x00007ffa85e2d000 	C:\WINDOWS\SYSTEM32\WINMMBASE.dll
0x00007ffa89540000 - 0x00007ffa8958a000 	C:\WINDOWS\System32\cfgmgr32.dll
0x00007ffa7f6a0000 - 0x00007ffa7f6af000 	D:\IntelliIDEA2019.1\jre64\bin\verify.dll
0x00007ffa6c0d0000 - 0x00007ffa6c0f9000 	D:\IntelliIDEA2019.1\jre64\bin\java.dll
0x00007ffa68520000 - 0x00007ffa68536000 	D:\IntelliIDEA2019.1\jre64\bin\zip.dll

VM Arguments:
java_command: org.jetbrains.git4idea.http.GitAskPassApp Username for 'https://github.com': 
java_class_path (initial): D:/IntelliIDEA2019.1/plugins/git4idea/lib/git4idea-rt.jar;D:/IntelliIDEA2019.1/lib/xmlrpc-2.0.1.jar;D:/IntelliIDEA2019.1/lib/commons-codec-1.10.jar;D:/IntelliIDEA2019.1/lib/util.jar
Launcher Type: SUN_STANDARD

Environment Variables:
JAVA_HOME=D:\JDK\jdk8
CLASSPATH=.;D:\JDK\jdk8\lib\dt.jar;D:\JDK\jdk8\lib\tools.jar;
PATH=E:/Git/mingw64/libexec/git-core;E:/Git/mingw64/libexec/git-core;E:\Git\mingw64\bin;E:\Git\usr\bin;C:\Users\ddlin\bin;D:\xshell\;C:\Program Files (x86)\Common Files\Oracle\Java\javapath;C:\ProgramData\Oracle\Java\javapath;C:\WINDOWS\system32;C:\WINDOWS;C:\WINDOWS\System32\Wbem;C:\WINDOWS\System32\WindowsPowerShell\v1.0\;C:\WINDOWS\System32\OpenSSH\;D:\JDK\jdk8\bin;D:\mysql-8.0.16-winx64\bin;E:\python3.7.3;E:\python3.7.3\Scripts;D:\apache-maven-3.6.1\bin;D:\apache-maven-3.6.1\conf;E:\Git\cmd;D:\node\;C:\Users\ddlin\AppData\Local\Microsoft\WindowsApps;C:\Users\ddlin\AppData\Roaming\npm;D:\IntelliJ IDEA 2019.1\bin;
USERNAME=ddlin
DISPLAY=:0.0
OS=Windows_NT
PROCESSOR_IDENTIFIER=Intel64 Family 6 Model 78 Stepping 3, GenuineIntel



---------------  S Y S T E M  ---------------

OS: Windows 10.0 , 64 bit Build 18362 (10.0.18362.329)

CPU:total 4 (initial active 4) (2 cores per cpu, 2 threads per core) family 6 model 78 stepping 3, cmov, cx8, fxsr, mmx, sse, sse2, sse3, ssse3, sse4.1, sse4.2, popcnt, avx, avx2, aes, clmul, erms, 3dnowpref, lzcnt, ht, tsc, tscinvbit, bmi1, bmi2, adx

Memory: 4k page, physical 8252000k(1426416k free), swap 18737760k(5808k free)

vm_info: OpenJDK 64-Bit Server VM (25.202-b39) for windows-amd64 JRE (1.8.0_202-release-1483-b39), built on Mar  7 2019 22:58:46 by "builduser" with MS VC++ 10.0 (VS2010)

time: Sun Mar 22 11:29:27 2020
timezone: 中国标准时间
elapsed time: 0 seconds (0d 0h 0m 0s)

